2017-10-20 12:07:22.227+0000 WARN [o.n.i.p.PageCache] The dbms.memory.pagecache.size setting has not been configured. It is recommended that this setting is always explicitly configured, to ensure the system has a balanced configuration. Until then, a computed heuristic value of 6442450944 bytes will be used instead. 
2017-10-20 12:07:22.656+0000 INFO [o.n.k.i.f.CommunityEditionModule] No locking implementation specified, defaulting to 'community'
2017-10-20 12:07:22.763+0000 INFO [o.n.k.AvailabilityGuard] Requirement makes database unavailable: Database available
2017-10-20 12:07:22.779+0000 INFO [o.n.k.i.DiagnosticsManager] --- INITIALIZED diagnostics START ---
2017-10-20 12:07:22.780+0000 INFO [o.n.k.i.DiagnosticsManager] Neo4j Kernel properties:
2017-10-20 12:07:22.780+0000 INFO [o.n.k.i.DiagnosticsManager] dbms.connector.http.enabled=true
2017-10-20 12:07:22.780+0000 INFO [o.n.k.i.DiagnosticsManager] dbms.security.auth_enabled=false
2017-10-20 12:07:22.780+0000 INFO [o.n.k.i.DiagnosticsManager] dbms.connector.bolt.type=BOLT
2017-10-20 12:07:22.780+0000 INFO [o.n.k.i.DiagnosticsManager] dbms.connector.http.listen_address=localhost:7474
2017-10-20 12:07:22.780+0000 INFO [o.n.k.i.DiagnosticsManager] unsupported.dbms.directories.neo4j_home=/Users/jakublemiszewski/desktop/www/Neo4j-Practice/EmployeeDeprtmentProblemNeo/db/neo4j/development
2017-10-20 12:07:22.780+0000 INFO [o.n.k.i.DiagnosticsManager] dbms.directories.import=import
2017-10-20 12:07:22.780+0000 INFO [o.n.k.i.DiagnosticsManager] dbms.connector.https.enabled=false
2017-10-20 12:07:22.781+0000 INFO [o.n.k.i.DiagnosticsManager] dbms.connector.http.type=HTTP
2017-10-20 12:07:22.781+0000 INFO [o.n.k.i.DiagnosticsManager] dbms.jvm.additional=-Dunsupported.dbms.udc.source=tarball
2017-10-20 12:07:22.781+0000 INFO [o.n.k.i.DiagnosticsManager] dbms.tx_log.rotation.retention_policy=1 days
2017-10-20 12:07:22.781+0000 INFO [o.n.k.i.DiagnosticsManager] dbms.windows_service_name=neo4j
2017-10-20 12:07:22.781+0000 INFO [o.n.k.i.DiagnosticsManager] dbms.connector.https.listen_address=localhost:7473
2017-10-20 12:07:22.781+0000 INFO [o.n.k.i.DiagnosticsManager] dbms.connector.bolt.listen_address=localhost:7472
2017-10-20 12:07:22.781+0000 INFO [o.n.k.i.DiagnosticsManager] dbms.connector.https.type=HTTP
2017-10-20 12:07:22.781+0000 INFO [o.n.k.i.DiagnosticsManager] unsupported.dbms.edition=community
2017-10-20 12:07:22.781+0000 INFO [o.n.k.i.DiagnosticsManager] dbms.connector.bolt.enabled=true
2017-10-20 12:07:22.781+0000 INFO [o.n.k.i.DiagnosticsManager] Diagnostics providers:
2017-10-20 12:07:22.781+0000 INFO [o.n.k.i.DiagnosticsManager] org.neo4j.kernel.configuration.Config
2017-10-20 12:07:22.781+0000 INFO [o.n.k.i.DiagnosticsManager] org.neo4j.kernel.info.DiagnosticsManager
2017-10-20 12:07:22.781+0000 INFO [o.n.k.i.DiagnosticsManager] SYSTEM_MEMORY
2017-10-20 12:07:22.781+0000 INFO [o.n.k.i.DiagnosticsManager] JAVA_MEMORY
2017-10-20 12:07:22.782+0000 INFO [o.n.k.i.DiagnosticsManager] OPERATING_SYSTEM
2017-10-20 12:07:22.782+0000 INFO [o.n.k.i.DiagnosticsManager] JAVA_VIRTUAL_MACHINE
2017-10-20 12:07:22.782+0000 INFO [o.n.k.i.DiagnosticsManager] CLASSPATH
2017-10-20 12:07:22.782+0000 INFO [o.n.k.i.DiagnosticsManager] LIBRARY_PATH
2017-10-20 12:07:22.782+0000 INFO [o.n.k.i.DiagnosticsManager] SYSTEM_PROPERTIES
2017-10-20 12:07:22.782+0000 INFO [o.n.k.i.DiagnosticsManager] NETWORK
2017-10-20 12:07:22.782+0000 INFO [o.n.k.i.DiagnosticsManager] System memory information:
2017-10-20 12:07:22.786+0000 INFO [o.n.k.i.DiagnosticsManager] Total Physical memory: 16.00 GB
2017-10-20 12:07:22.787+0000 INFO [o.n.k.i.DiagnosticsManager] Free Physical memory: 347.81 MB
2017-10-20 12:07:22.788+0000 INFO [o.n.k.i.DiagnosticsManager] Committed virtual memory: 9.71 GB
2017-10-20 12:07:22.788+0000 INFO [o.n.k.i.DiagnosticsManager] Total swap space: 2.00 GB
2017-10-20 12:07:22.789+0000 INFO [o.n.k.i.DiagnosticsManager] Free swap space: 1.11 GB
2017-10-20 12:07:22.789+0000 INFO [o.n.k.i.DiagnosticsManager] JVM memory information:
2017-10-20 12:07:22.789+0000 INFO [o.n.k.i.DiagnosticsManager] Free  memory: 175.50 MB
2017-10-20 12:07:22.789+0000 INFO [o.n.k.i.DiagnosticsManager] Total memory: 256.00 MB
2017-10-20 12:07:22.790+0000 INFO [o.n.k.i.DiagnosticsManager] Max   memory: 4.00 GB
2017-10-20 12:07:22.797+0000 INFO [o.n.k.i.DiagnosticsManager] Garbage Collector: G1 Young Generation: [G1 Eden Space, G1 Survivor Space]
2017-10-20 12:07:22.797+0000 INFO [o.n.k.i.DiagnosticsManager] Garbage Collector: G1 Old Generation: [G1 Eden Space, G1 Survivor Space, G1 Old Gen]
2017-10-20 12:07:22.799+0000 INFO [o.n.k.i.DiagnosticsManager] Memory Pool: Code Cache (Non-heap memory): committed=5.13 MB, used=5.06 MB, max=240.00 MB, threshold=0.00 B
2017-10-20 12:07:22.799+0000 INFO [o.n.k.i.DiagnosticsManager] Memory Pool: Metaspace (Non-heap memory): committed=13.50 MB, used=12.55 MB, max=-1.00 B, threshold=0.00 B
2017-10-20 12:07:22.799+0000 INFO [o.n.k.i.DiagnosticsManager] Memory Pool: Compressed Class Space (Non-heap memory): committed=2.00 MB, used=1.70 MB, max=1.00 GB, threshold=0.00 B
2017-10-20 12:07:22.799+0000 INFO [o.n.k.i.DiagnosticsManager] Memory Pool: G1 Eden Space (Heap memory): committed=22.00 MB, used=18.00 MB, max=-1.00 B, threshold=?
2017-10-20 12:07:22.799+0000 INFO [o.n.k.i.DiagnosticsManager] Memory Pool: G1 Survivor Space (Heap memory): committed=2.00 MB, used=2.00 MB, max=-1.00 B, threshold=?
2017-10-20 12:07:22.800+0000 INFO [o.n.k.i.DiagnosticsManager] Memory Pool: G1 Old Gen (Heap memory): committed=232.00 MB, used=59.50 MB, max=4.00 GB, threshold=0.00 B
2017-10-20 12:07:22.800+0000 INFO [o.n.k.i.DiagnosticsManager] Operating system information:
2017-10-20 12:07:22.801+0000 INFO [o.n.k.i.DiagnosticsManager] Operating System: Mac OS X; version: 10.13; arch: x86_64; cpus: 8
2017-10-20 12:07:22.801+0000 INFO [o.n.k.i.DiagnosticsManager] Max number of file descriptors: 10240
2017-10-20 12:07:22.802+0000 INFO [o.n.k.i.DiagnosticsManager] Number of open file descriptors: 96
2017-10-20 12:07:22.837+0000 INFO [o.n.k.i.DiagnosticsManager] Process id: 10064@SCubedW0058sMBP
2017-10-20 12:07:22.838+0000 INFO [o.n.k.i.DiagnosticsManager] Byte order: LITTLE_ENDIAN
2017-10-20 12:07:22.838+0000 INFO [o.n.k.i.DiagnosticsManager] Local timezone: Europe/Copenhagen
2017-10-20 12:07:22.838+0000 INFO [o.n.k.i.DiagnosticsManager] JVM information:
2017-10-20 12:07:22.838+0000 INFO [o.n.k.i.DiagnosticsManager] VM Name: Java HotSpot(TM) 64-Bit Server VM
2017-10-20 12:07:22.838+0000 INFO [o.n.k.i.DiagnosticsManager] VM Vendor: Oracle Corporation
2017-10-20 12:07:22.838+0000 INFO [o.n.k.i.DiagnosticsManager] VM Version: 25.144-b01
2017-10-20 12:07:22.841+0000 INFO [o.n.k.i.DiagnosticsManager] JIT compiler: HotSpot 64-Bit Tiered Compilers
2017-10-20 12:07:22.842+0000 INFO [o.n.k.i.DiagnosticsManager] VM Arguments: [-XX:+UseG1GC, -XX:-OmitStackTraceInFastThrow, -XX:+AlwaysPreTouch, -XX:+UnlockExperimentalVMOptions, -XX:+TrustFinalNonStaticFields, -XX:+DisableExplicitGC, -Djdk.tls.ephemeralDHKeySize=2048, -Dunsupported.dbms.udc.source=tarball, -Dfile.encoding=UTF-8]
2017-10-20 12:07:22.842+0000 INFO [o.n.k.i.DiagnosticsManager] Java classpath:
2017-10-20 12:07:22.846+0000 INFO [o.n.k.i.DiagnosticsManager]  [loader.1] file:/Library/Java/JavaVirtualMachines/jdk1.8.0_144.jdk/Contents/Home/jre/lib/ext/nashorn.jar
2017-10-20 12:07:22.846+0000 INFO [o.n.k.i.DiagnosticsManager]  [bootstrap] /Library/Java/JavaVirtualMachines/jdk1.8.0_144.jdk/Contents/Home/jre/lib/charsets.jar
2017-10-20 12:07:22.846+0000 INFO [o.n.k.i.DiagnosticsManager]  [classpath + loader.0] file:/Users/jakublemiszewski/Desktop/www/Neo4j-Practice/EmployeeDeprtmentProblemNeo/db/neo4j/development/lib/neo4j-browser-3.0.10.jar
2017-10-20 12:07:22.846+0000 INFO [o.n.k.i.DiagnosticsManager]  [classpath + loader.0] file:/Users/jakublemiszewski/Desktop/www/Neo4j-Practice/EmployeeDeprtmentProblemNeo/db/neo4j/development/lib/jersey-multipart-1.19.jar
2017-10-20 12:07:22.846+0000 INFO [o.n.k.i.DiagnosticsManager]  [classpath + loader.0] file:/Users/jakublemiszewski/Desktop/www/Neo4j-Practice/EmployeeDeprtmentProblemNeo/db/neo4j/development/lib/neo4j-server-3.2.6.jar
2017-10-20 12:07:22.846+0000 INFO [o.n.k.i.DiagnosticsManager]  [classpath + loader.0] file:/Users/jakublemiszewski/Desktop/www/Neo4j-Practice/EmployeeDeprtmentProblemNeo/db/neo4j/development/lib/neo4j-lucene-upgrade-3.2.6.jar
2017-10-20 12:07:22.846+0000 INFO [o.n.k.i.DiagnosticsManager]  [classpath + loader.0] file:/Users/jakublemiszewski/Desktop/www/Neo4j-Practice/EmployeeDeprtmentProblemNeo/db/neo4j/development/lib/neo4j-cypher-compiler-2.3-2.3.11.jar
2017-10-20 12:07:22.846+0000 INFO [o.n.k.i.DiagnosticsManager]  [bootstrap] /Library/Java/JavaVirtualMachines/jdk1.8.0_144.jdk/Contents/Home/jre/lib/resources.jar
2017-10-20 12:07:22.846+0000 INFO [o.n.k.i.DiagnosticsManager]  [classpath + loader.0] file:/Users/jakublemiszewski/Desktop/www/Neo4j-Practice/EmployeeDeprtmentProblemNeo/db/neo4j/development/lib/neo4j-import-tool-3.2.6.jar
2017-10-20 12:07:22.846+0000 INFO [o.n.k.i.DiagnosticsManager]  [classpath + loader.0] file:/Users/jakublemiszewski/Desktop/www/Neo4j-Practice/EmployeeDeprtmentProblemNeo/db/neo4j/development/lib/lucene-codecs-5.5.0.jar
2017-10-20 12:07:22.846+0000 INFO [o.n.k.i.DiagnosticsManager]  [loader.1] file:/Library/Java/JavaVirtualMachines/jdk1.8.0_144.jdk/Contents/Home/jre/lib/ext/sunec.jar
2017-10-20 12:07:22.846+0000 INFO [o.n.k.i.DiagnosticsManager]  [loader.1] file:/Library/Java/JavaVirtualMachines/jdk1.8.0_144.jdk/Contents/Home/jre/lib/ext/zipfs.jar
2017-10-20 12:07:22.846+0000 INFO [o.n.k.i.DiagnosticsManager]  [classpath + loader.0] file:/Users/jakublemiszewski/Desktop/www/Neo4j-Practice/EmployeeDeprtmentProblemNeo/db/neo4j/development/plugins/
2017-10-20 12:07:22.847+0000 INFO [o.n.k.i.DiagnosticsManager]  [classpath + loader.0] file:/Users/jakublemiszewski/Desktop/www/Neo4j-Practice/EmployeeDeprtmentProblemNeo/db/neo4j/development/lib/commons-logging-1.1.1.jar
2017-10-20 12:07:22.847+0000 INFO [o.n.k.i.DiagnosticsManager]  [bootstrap] /Library/Java/JavaVirtualMachines/jdk1.8.0_144.jdk/Contents/Home/jre/lib/jce.jar
2017-10-20 12:07:22.847+0000 INFO [o.n.k.i.DiagnosticsManager]  [classpath + loader.0] file:/Users/jakublemiszewski/Desktop/www/Neo4j-Practice/EmployeeDeprtmentProblemNeo/db/neo4j/development/lib/commons-configuration-1.10.jar
2017-10-20 12:07:22.847+0000 INFO [o.n.k.i.DiagnosticsManager]  [classpath + loader.0] file:/Users/jakublemiszewski/Desktop/www/Neo4j-Practice/EmployeeDeprtmentProblemNeo/db/neo4j/development/lib/commons-io-2.4.jar
2017-10-20 12:07:22.847+0000 INFO [o.n.k.i.DiagnosticsManager]  [bootstrap] /Library/Java/JavaVirtualMachines/jdk1.8.0_144.jdk/Contents/Home/jre/lib/rt.jar
2017-10-20 12:07:22.847+0000 INFO [o.n.k.i.DiagnosticsManager]  [classpath + loader.0] file:/Users/jakublemiszewski/Desktop/www/Neo4j-Practice/EmployeeDeprtmentProblemNeo/db/neo4j/development/lib/concurrentlinkedhashmap-lru-1.4.2.jar
2017-10-20 12:07:22.847+0000 INFO [o.n.k.i.DiagnosticsManager]  [classpath + loader.0] file:/Users/jakublemiszewski/Desktop/www/Neo4j-Practice/EmployeeDeprtmentProblemNeo/db/neo4j/development/lib/neo4j-csv-3.2.6.jar
2017-10-20 12:07:22.847+0000 INFO [o.n.k.i.DiagnosticsManager]  [classpath + loader.0] file:/Users/jakublemiszewski/Desktop/www/Neo4j-Practice/EmployeeDeprtmentProblemNeo/db/neo4j/development/lib/commons-lang3-3.3.2.jar
2017-10-20 12:07:22.847+0000 INFO [o.n.k.i.DiagnosticsManager]  [classpath + loader.0] file:/Users/jakublemiszewski/Desktop/www/Neo4j-Practice/EmployeeDeprtmentProblemNeo/db/neo4j/development/lib/neo4j-resource-3.2.6.jar
2017-10-20 12:07:22.847+0000 INFO [o.n.k.i.DiagnosticsManager]  [classpath + loader.0] file:/Users/jakublemiszewski/Desktop/www/Neo4j-Practice/EmployeeDeprtmentProblemNeo/db/neo4j/development/lib/neo4j-cypher-frontend-2.3-2.3.11.jar
2017-10-20 12:07:22.847+0000 INFO [o.n.k.i.DiagnosticsManager]  [classpath + loader.0] file:/Users/jakublemiszewski/Desktop/www/Neo4j-Practice/EmployeeDeprtmentProblemNeo/db/neo4j/development/lib/bcpkix-jdk15on-1.53.jar
2017-10-20 12:07:22.847+0000 INFO [o.n.k.i.DiagnosticsManager]  [classpath + loader.0] file:/Users/jakublemiszewski/Desktop/www/Neo4j-Practice/EmployeeDeprtmentProblemNeo/db/neo4j/development/lib/neo4j-collections-3.2.6.jar
2017-10-20 12:07:22.847+0000 INFO [o.n.k.i.DiagnosticsManager]  [classpath + loader.0] file:/Users/jakublemiszewski/Desktop/www/Neo4j-Practice/EmployeeDeprtmentProblemNeo/db/neo4j/development/lib/jetty-io-9.2.22.v20170606.jar
2017-10-20 12:07:22.847+0000 INFO [o.n.k.i.DiagnosticsManager]  [classpath + loader.0] file:/Users/jakublemiszewski/Desktop/www/Neo4j-Practice/EmployeeDeprtmentProblemNeo/db/neo4j/development/lib/neo4j-common-3.2.6.jar
2017-10-20 12:07:22.847+0000 INFO [o.n.k.i.DiagnosticsManager]  [classpath + loader.0] file:/Users/jakublemiszewski/Desktop/www/Neo4j-Practice/EmployeeDeprtmentProblemNeo/db/neo4j/development/lib/neo4j-cypher-frontend-3.1-3.1.6.jar
2017-10-20 12:07:22.847+0000 INFO [o.n.k.i.DiagnosticsManager]  [classpath + loader.0] file:/Users/jakublemiszewski/Desktop/www/Neo4j-Practice/EmployeeDeprtmentProblemNeo/db/neo4j/development/lib/server-api-3.2.6.jar
2017-10-20 12:07:22.847+0000 INFO [o.n.k.i.DiagnosticsManager]  [classpath + loader.0] file:/Users/jakublemiszewski/Desktop/www/Neo4j-Practice/EmployeeDeprtmentProblemNeo/db/neo4j/development/lib/neo4j-logging-3.2.6.jar
2017-10-20 12:07:22.847+0000 INFO [o.n.k.i.DiagnosticsManager]  [classpath + loader.0] file:/Users/jakublemiszewski/Desktop/www/Neo4j-Practice/EmployeeDeprtmentProblemNeo/db/neo4j/development/lib/neo4j-graph-matching-3.1.3.jar
2017-10-20 12:07:22.847+0000 INFO [o.n.k.i.DiagnosticsManager]  [classpath + loader.0] file:/Users/jakublemiszewski/Desktop/www/Neo4j-Practice/EmployeeDeprtmentProblemNeo/db/neo4j/development/lib/scala-library-2.11.8.jar
2017-10-20 12:07:22.847+0000 INFO [o.n.k.i.DiagnosticsManager]  [loader.1] file:/Library/Java/JavaVirtualMachines/jdk1.8.0_144.jdk/Contents/Home/jre/lib/ext/dnsns.jar
2017-10-20 12:07:22.847+0000 INFO [o.n.k.i.DiagnosticsManager]  [classpath + loader.0] file:/Users/jakublemiszewski/Desktop/www/Neo4j-Practice/EmployeeDeprtmentProblemNeo/db/neo4j/development/lib/neo4j-io-3.2.6.jar
2017-10-20 12:07:22.847+0000 INFO [o.n.k.i.DiagnosticsManager]  [classpath + loader.0] file:/Users/jakublemiszewski/Desktop/www/Neo4j-Practice/EmployeeDeprtmentProblemNeo/db/neo4j/development/lib/neo4j-ssl-3.2.6.jar
2017-10-20 12:07:22.847+0000 INFO [o.n.k.i.DiagnosticsManager]  [classpath + loader.0] file:/Users/jakublemiszewski/Desktop/www/Neo4j-Practice/EmployeeDeprtmentProblemNeo/db/neo4j/development/lib/jetty-server-9.2.22.v20170606.jar
2017-10-20 12:07:22.847+0000 INFO [o.n.k.i.DiagnosticsManager]  [classpath + loader.0] file:/Users/jakublemiszewski/Desktop/www/Neo4j-Practice/EmployeeDeprtmentProblemNeo/db/neo4j/development/lib/jsr311-api-1.1.2.r612.jar
2017-10-20 12:07:22.847+0000 INFO [o.n.k.i.DiagnosticsManager]  [classpath + loader.0] file:/Users/jakublemiszewski/Desktop/www/Neo4j-Practice/EmployeeDeprtmentProblemNeo/db/neo4j/development/lib/lucene-analyzers-common-5.5.0.jar
2017-10-20 12:07:22.847+0000 INFO [o.n.k.i.DiagnosticsManager]  [loader.1] file:/Library/Java/JavaVirtualMachines/jdk1.8.0_144.jdk/Contents/Home/jre/lib/ext/localedata.jar
2017-10-20 12:07:22.847+0000 INFO [o.n.k.i.DiagnosticsManager]  [classpath + loader.0] file:/Users/jakublemiszewski/Desktop/www/Neo4j-Practice/EmployeeDeprtmentProblemNeo/db/neo4j/development/lib/neo4j-security-3.2.6.jar
2017-10-20 12:07:22.847+0000 INFO [o.n.k.i.DiagnosticsManager]  [classpath + loader.0] file:/Users/jakublemiszewski/Desktop/www/Neo4j-Practice/EmployeeDeprtmentProblemNeo/db/neo4j/development/lib/lucene-core-5.5.0.jar
2017-10-20 12:07:22.847+0000 INFO [o.n.k.i.DiagnosticsManager]  [classpath + loader.0] file:/Users/jakublemiszewski/Desktop/www/Neo4j-Practice/EmployeeDeprtmentProblemNeo/db/neo4j/development/lib/scala-reflect-2.11.8.jar
2017-10-20 12:07:22.847+0000 INFO [o.n.k.i.DiagnosticsManager]  [classpath + loader.0] file:/Users/jakublemiszewski/Desktop/www/Neo4j-Practice/EmployeeDeprtmentProblemNeo/db/neo4j/development/lib/neo4j-lucene-index-3.2.6.jar
2017-10-20 12:07:22.847+0000 INFO [o.n.k.i.DiagnosticsManager]  [classpath + loader.0] file:/Users/jakublemiszewski/Desktop/www/Neo4j-Practice/EmployeeDeprtmentProblemNeo/db/neo4j/development/lib/netty-all-4.1.15.Final.jar
2017-10-20 12:07:22.847+0000 INFO [o.n.k.i.DiagnosticsManager]  [classpath + loader.0] file:/Users/jakublemiszewski/Desktop/www/Neo4j-Practice/EmployeeDeprtmentProblemNeo/db/neo4j/development/lib/neo4j-cypher-frontend-3.2-3.2.6.jar
2017-10-20 12:07:22.847+0000 INFO [o.n.k.i.DiagnosticsManager]  [classpath + loader.0] file:/Users/jakublemiszewski/Desktop/www/Neo4j-Practice/EmployeeDeprtmentProblemNeo/db/neo4j/development/lib/neo4j-kernel-3.2.6.jar
2017-10-20 12:07:22.848+0000 INFO [o.n.k.i.DiagnosticsManager]  [classpath + loader.0] file:/Users/jakublemiszewski/Desktop/www/Neo4j-Practice/EmployeeDeprtmentProblemNeo/db/neo4j/development/lib/rhino-1.7R4.jar
2017-10-20 12:07:22.848+0000 INFO [o.n.k.i.DiagnosticsManager]  [classpath + loader.0] file:/Users/jakublemiszewski/Desktop/www/Neo4j-Practice/EmployeeDeprtmentProblemNeo/db/neo4j/development/lib/jetty-xml-9.2.22.v20170606.jar
2017-10-20 12:07:22.848+0000 INFO [o.n.k.i.DiagnosticsManager]  [loader.1] file:/Library/Java/JavaVirtualMachines/jdk1.8.0_144.jdk/Contents/Home/jre/lib/ext/sunpkcs11.jar
2017-10-20 12:07:22.848+0000 INFO [o.n.k.i.DiagnosticsManager]  [classpath + loader.0] file:/Users/jakublemiszewski/Desktop/www/Neo4j-Practice/EmployeeDeprtmentProblemNeo/db/neo4j/development/lib/jackson-mapper-asl-1.9.13.jar
2017-10-20 12:07:22.848+0000 INFO [o.n.k.i.DiagnosticsManager]  [bootstrap] /Library/Java/JavaVirtualMachines/jdk1.8.0_144.jdk/Contents/Home/jre/lib/jfr.jar
2017-10-20 12:07:22.848+0000 INFO [o.n.k.i.DiagnosticsManager]  [loader.1] file:/Library/Java/JavaVirtualMachines/jdk1.8.0_144.jdk/Contents/Home/jre/lib/ext/sunjce_provider.jar
2017-10-20 12:07:22.848+0000 INFO [o.n.k.i.DiagnosticsManager]  [classpath + loader.0] file:/Users/jakublemiszewski/Desktop/www/Neo4j-Practice/EmployeeDeprtmentProblemNeo/db/neo4j/development/lib/neo4j-graph-algo-3.2.6.jar
2017-10-20 12:07:22.848+0000 INFO [o.n.k.i.DiagnosticsManager]  [loader.1] file:/Library/Java/JavaVirtualMachines/jdk1.8.0_144.jdk/Contents/Home/jre/lib/ext/jaccess.jar
2017-10-20 12:07:22.848+0000 INFO [o.n.k.i.DiagnosticsManager]  [bootstrap] /Library/Java/JavaVirtualMachines/jdk1.8.0_144.jdk/Contents/Home/jre/classes
2017-10-20 12:07:22.848+0000 INFO [o.n.k.i.DiagnosticsManager]  [classpath + loader.0] file:/Users/jakublemiszewski/Desktop/www/Neo4j-Practice/EmployeeDeprtmentProblemNeo/db/neo4j/development/lib/parboiled-core-1.1.7.jar
2017-10-20 12:07:22.848+0000 INFO [o.n.k.i.DiagnosticsManager]  [classpath + loader.0] file:/Users/jakublemiszewski/Desktop/www/Neo4j-Practice/EmployeeDeprtmentProblemNeo/db/neo4j/development/lib/neo4j-dbms-3.2.6.jar
2017-10-20 12:07:22.848+0000 INFO [o.n.k.i.DiagnosticsManager]  [classpath + loader.0] file:/Users/jakublemiszewski/Desktop/www/Neo4j-Practice/EmployeeDeprtmentProblemNeo/db/neo4j/development/conf/
2017-10-20 12:07:22.848+0000 INFO [o.n.k.i.DiagnosticsManager]  [classpath + loader.0] file:/Users/jakublemiszewski/Desktop/www/Neo4j-Practice/EmployeeDeprtmentProblemNeo/db/neo4j/development/plugins/*
2017-10-20 12:07:22.848+0000 INFO [o.n.k.i.DiagnosticsManager]  [classpath + loader.0] file:/Users/jakublemiszewski/Desktop/www/Neo4j-Practice/EmployeeDeprtmentProblemNeo/db/neo4j/development/lib/caffeine-2.3.3.jar
2017-10-20 12:07:22.848+0000 INFO [o.n.k.i.DiagnosticsManager]  [classpath + loader.0] file:/Users/jakublemiszewski/Desktop/www/Neo4j-Practice/EmployeeDeprtmentProblemNeo/db/neo4j/development/lib/neo4j-udc-3.2.6.jar
2017-10-20 12:07:22.848+0000 INFO [o.n.k.i.DiagnosticsManager]  [classpath + loader.0] file:/Users/jakublemiszewski/Desktop/www/Neo4j-Practice/EmployeeDeprtmentProblemNeo/db/neo4j/development/lib/neo4j-jmx-3.2.6.jar
2017-10-20 12:07:22.848+0000 INFO [o.n.k.i.DiagnosticsManager]  [classpath + loader.0] file:/Users/jakublemiszewski/Desktop/www/Neo4j-Practice/EmployeeDeprtmentProblemNeo/db/neo4j/development/lib/neo4j-graphdb-api-3.2.6.jar
2017-10-20 12:07:22.848+0000 INFO [o.n.k.i.DiagnosticsManager]  [bootstrap] /Library/Java/JavaVirtualMachines/jdk1.8.0_144.jdk/Contents/Home/jre/lib/sunrsasign.jar
2017-10-20 12:07:22.848+0000 INFO [o.n.k.i.DiagnosticsManager]  [classpath + loader.0] file:/Users/jakublemiszewski/Desktop/www/Neo4j-Practice/EmployeeDeprtmentProblemNeo/db/neo4j/development/lib/jackson-core-asl-1.9.13.jar
2017-10-20 12:07:22.848+0000 INFO [o.n.k.i.DiagnosticsManager]  [classpath + loader.0] file:/Users/jakublemiszewski/Desktop/www/Neo4j-Practice/EmployeeDeprtmentProblemNeo/db/neo4j/development/lib/parboiled-scala_2.11-1.1.7.jar
2017-10-20 12:07:22.848+0000 INFO [o.n.k.i.DiagnosticsManager]  [loader.1] file:/Library/Java/JavaVirtualMachines/jdk1.8.0_144.jdk/Contents/Home/jre/lib/ext/jfxrt.jar
2017-10-20 12:07:22.848+0000 INFO [o.n.k.i.DiagnosticsManager]  [loader.1] file:/System/Library/Java/Extensions/MRJToolkit.jar
2017-10-20 12:07:22.848+0000 INFO [o.n.k.i.DiagnosticsManager]  [classpath + loader.0] file:/Users/jakublemiszewski/Desktop/www/Neo4j-Practice/EmployeeDeprtmentProblemNeo/db/neo4j/development/lib/neo4j-unsafe-3.2.6.jar
2017-10-20 12:07:22.848+0000 INFO [o.n.k.i.DiagnosticsManager]  [classpath + loader.0] file:/Users/jakublemiszewski/Desktop/www/Neo4j-Practice/EmployeeDeprtmentProblemNeo/db/neo4j/development/lib/neo4j-codegen-3.2.6.jar
2017-10-20 12:07:22.848+0000 INFO [o.n.k.i.DiagnosticsManager]  [classpath + loader.0] file:/Users/jakublemiszewski/Desktop/www/Neo4j-Practice/EmployeeDeprtmentProblemNeo/db/neo4j/development/lib/jersey-core-1.19.jar
2017-10-20 12:07:22.848+0000 INFO [o.n.k.i.DiagnosticsManager]  [classpath + loader.0] file:/Users/jakublemiszewski/Desktop/www/Neo4j-Practice/EmployeeDeprtmentProblemNeo/db/neo4j/development/lib/jetty-servlet-9.2.22.v20170606.jar
2017-10-20 12:07:22.848+0000 INFO [o.n.k.i.DiagnosticsManager]  [classpath + loader.0] file:/Users/jakublemiszewski/Desktop/www/Neo4j-Practice/EmployeeDeprtmentProblemNeo/db/neo4j/development/lib/commons-compress-1.12.jar
2017-10-20 12:07:22.848+0000 INFO [o.n.k.i.DiagnosticsManager]  [classpath + loader.0] file:/Users/jakublemiszewski/Desktop/www/Neo4j-Practice/EmployeeDeprtmentProblemNeo/db/neo4j/development/lib/jackson-jaxrs-1.9.13.jar
2017-10-20 12:07:22.848+0000 INFO [o.n.k.i.DiagnosticsManager]  [classpath + loader.0] file:/Users/jakublemiszewski/Desktop/www/Neo4j-Practice/EmployeeDeprtmentProblemNeo/db/neo4j/development/lib/neo4j-cypher-ir-3.2-3.2.6.jar
2017-10-20 12:07:22.848+0000 INFO [o.n.k.i.DiagnosticsManager]  [classpath + loader.0] file:/Users/jakublemiszewski/Desktop/www/Neo4j-Practice/EmployeeDeprtmentProblemNeo/db/neo4j/development/lib/bcprov-jdk15on-1.53.jar
2017-10-20 12:07:22.848+0000 INFO [o.n.k.i.DiagnosticsManager]  [classpath + loader.0] file:/Users/jakublemiszewski/Desktop/www/Neo4j-Practice/EmployeeDeprtmentProblemNeo/db/neo4j/development/lib/neo4j-consistency-check-3.2.6.jar
2017-10-20 12:07:22.849+0000 INFO [o.n.k.i.DiagnosticsManager]  [classpath + loader.0] file:/Users/jakublemiszewski/Desktop/www/Neo4j-Practice/EmployeeDeprtmentProblemNeo/db/neo4j/development/lib/jetty-webapp-9.2.22.v20170606.jar
2017-10-20 12:07:22.849+0000 INFO [o.n.k.i.DiagnosticsManager]  [classpath + loader.0] file:/Users/jakublemiszewski/Desktop/www/Neo4j-Practice/EmployeeDeprtmentProblemNeo/db/neo4j/development/lib/neo4j-cypher-compiler-3.2-3.2.6.jar
2017-10-20 12:07:22.849+0000 INFO [o.n.k.i.DiagnosticsManager]  [bootstrap] /Library/Java/JavaVirtualMachines/jdk1.8.0_144.jdk/Contents/Home/jre/lib/jsse.jar
2017-10-20 12:07:22.849+0000 INFO [o.n.k.i.DiagnosticsManager]  [classpath + loader.0] file:/Users/jakublemiszewski/Desktop/www/Neo4j-Practice/EmployeeDeprtmentProblemNeo/db/neo4j/development/lib/neo4j-index-3.2.6.jar
2017-10-20 12:07:22.849+0000 INFO [o.n.k.i.DiagnosticsManager]  [classpath + loader.0] file:/Users/jakublemiszewski/Desktop/www/Neo4j-Practice/EmployeeDeprtmentProblemNeo/db/neo4j/development/lib/jetty-util-9.2.22.v20170606.jar
2017-10-20 12:07:22.849+0000 INFO [o.n.k.i.DiagnosticsManager]  [classpath + loader.0] file:/Users/jakublemiszewski/Desktop/www/Neo4j-Practice/EmployeeDeprtmentProblemNeo/db/neo4j/development/lib/jetty-http-9.2.22.v20170606.jar
2017-10-20 12:07:22.849+0000 INFO [o.n.k.i.DiagnosticsManager]  [classpath + loader.0] file:/Users/jakublemiszewski/Desktop/www/Neo4j-Practice/EmployeeDeprtmentProblemNeo/db/neo4j/development/lib/mimepull-1.9.3.jar
2017-10-20 12:07:22.849+0000 INFO [o.n.k.i.DiagnosticsManager]  [classpath + loader.0] file:/Users/jakublemiszewski/Desktop/www/Neo4j-Practice/EmployeeDeprtmentProblemNeo/db/neo4j/development/lib/neo4j-cypher-compiler-3.1-3.1.6.jar
2017-10-20 12:07:22.849+0000 INFO [o.n.k.i.DiagnosticsManager]  [loader.1] file:/Library/Java/JavaVirtualMachines/jdk1.8.0_144.jdk/Contents/Home/jre/lib/ext/cldrdata.jar
2017-10-20 12:07:22.849+0000 INFO [o.n.k.i.DiagnosticsManager]  [classpath + loader.0] file:/Users/jakublemiszewski/Desktop/www/Neo4j-Practice/EmployeeDeprtmentProblemNeo/db/neo4j/development/lib/neo4j-configuration-3.2.6.jar
2017-10-20 12:07:22.849+0000 INFO [o.n.k.i.DiagnosticsManager]  [classpath + loader.0] file:/Users/jakublemiszewski/Desktop/www/Neo4j-Practice/EmployeeDeprtmentProblemNeo/db/neo4j/development/lib/javax.servlet-api-3.1.0.jar
2017-10-20 12:07:22.849+0000 INFO [o.n.k.i.DiagnosticsManager]  [classpath + loader.0] file:/Users/jakublemiszewski/Desktop/www/Neo4j-Practice/EmployeeDeprtmentProblemNeo/db/neo4j/development/lib/jersey-servlet-1.19.jar
2017-10-20 12:07:22.849+0000 INFO [o.n.k.i.DiagnosticsManager]  [classpath + loader.0] file:/Users/jakublemiszewski/Desktop/www/Neo4j-Practice/EmployeeDeprtmentProblemNeo/db/neo4j/development/lib/jetty-security-9.2.22.v20170606.jar
2017-10-20 12:07:22.849+0000 INFO [o.n.k.i.DiagnosticsManager]  [classpath + loader.0] file:/Users/jakublemiszewski/Desktop/www/Neo4j-Practice/EmployeeDeprtmentProblemNeo/db/neo4j/development/lib/commons-lang-2.6.jar
2017-10-20 12:07:22.849+0000 INFO [o.n.k.i.DiagnosticsManager]  [classpath + loader.0] file:/Users/jakublemiszewski/Desktop/www/Neo4j-Practice/EmployeeDeprtmentProblemNeo/db/neo4j/development/lib/neo4j-shell-3.2.6.jar
2017-10-20 12:07:22.849+0000 INFO [o.n.k.i.DiagnosticsManager]  [classpath + loader.0] file:/Users/jakublemiszewski/Desktop/www/Neo4j-Practice/EmployeeDeprtmentProblemNeo/db/neo4j/development/lib/neo4j-bolt-3.2.6.jar
2017-10-20 12:07:22.849+0000 INFO [o.n.k.i.DiagnosticsManager]  [classpath + loader.0] file:/Users/jakublemiszewski/Desktop/www/Neo4j-Practice/EmployeeDeprtmentProblemNeo/db/neo4j/development/lib/lucene-queryparser-5.5.0.jar
2017-10-20 12:07:22.849+0000 INFO [o.n.k.i.DiagnosticsManager]  [classpath + loader.0] file:/Users/jakublemiszewski/Desktop/www/Neo4j-Practice/EmployeeDeprtmentProblemNeo/db/neo4j/development/lib/jline-2.12.jar
2017-10-20 12:07:22.849+0000 INFO [o.n.k.i.DiagnosticsManager]  [classpath + loader.0] file:/Users/jakublemiszewski/Desktop/www/Neo4j-Practice/EmployeeDeprtmentProblemNeo/db/neo4j/development/lib/neo4j-cypher-3.2.6.jar
2017-10-20 12:07:22.849+0000 INFO [o.n.k.i.DiagnosticsManager]  [classpath + loader.0] file:/Users/jakublemiszewski/Desktop/www/Neo4j-Practice/EmployeeDeprtmentProblemNeo/db/neo4j/development/lib/neo4j-command-line-3.2.6.jar
2017-10-20 12:07:22.849+0000 INFO [o.n.k.i.DiagnosticsManager]  [classpath + loader.0] file:/Users/jakublemiszewski/Desktop/www/Neo4j-Practice/EmployeeDeprtmentProblemNeo/db/neo4j/development/lib/neo4j-primitive-collections-3.2.6.jar
2017-10-20 12:07:22.849+0000 INFO [o.n.k.i.DiagnosticsManager]  [classpath + loader.0] file:/Users/jakublemiszewski/Desktop/www/Neo4j-Practice/EmployeeDeprtmentProblemNeo/db/neo4j/development/lib/opencsv-2.3.jar
2017-10-20 12:07:22.849+0000 INFO [o.n.k.i.DiagnosticsManager]  [classpath + loader.0] file:/Users/jakublemiszewski/Desktop/www/Neo4j-Practice/EmployeeDeprtmentProblemNeo/db/neo4j/development/lib/jersey-server-1.19.jar
2017-10-20 12:07:22.849+0000 INFO [o.n.k.i.DiagnosticsManager] Library path:
2017-10-20 12:07:22.849+0000 INFO [o.n.k.i.DiagnosticsManager] /Users/jakublemiszewski/Library/Java/Extensions
2017-10-20 12:07:22.850+0000 INFO [o.n.k.i.DiagnosticsManager] /Library/Java/Extensions
2017-10-20 12:07:22.850+0000 INFO [o.n.k.i.DiagnosticsManager] /Network/Library/Java/Extensions
2017-10-20 12:07:22.850+0000 INFO [o.n.k.i.DiagnosticsManager] /System/Library/Java/Extensions
2017-10-20 12:07:22.850+0000 INFO [o.n.k.i.DiagnosticsManager] /usr/lib/java
2017-10-20 12:07:22.850+0000 INFO [o.n.k.i.DiagnosticsManager] /Users/jakublemiszewski/Desktop/www/Neo4j-Practice/EmployeeDeprtmentProblemNeo
2017-10-20 12:07:22.850+0000 INFO [o.n.k.i.DiagnosticsManager] System.properties:
2017-10-20 12:07:22.850+0000 INFO [o.n.k.i.DiagnosticsManager] sun.boot.library.path = /Library/Java/JavaVirtualMachines/jdk1.8.0_144.jdk/Contents/Home/jre/lib
2017-10-20 12:07:22.850+0000 INFO [o.n.k.i.DiagnosticsManager] user.country.format = DK
2017-10-20 12:07:22.851+0000 INFO [o.n.k.i.DiagnosticsManager] gopherProxySet = false
2017-10-20 12:07:22.851+0000 INFO [o.n.k.i.DiagnosticsManager] path.separator = :
2017-10-20 12:07:22.851+0000 INFO [o.n.k.i.DiagnosticsManager] file.encoding.pkg = sun.io
2017-10-20 12:07:22.851+0000 INFO [o.n.k.i.DiagnosticsManager] user.country = US
2017-10-20 12:07:22.851+0000 INFO [o.n.k.i.DiagnosticsManager] sun.java.launcher = SUN_STANDARD
2017-10-20 12:07:22.851+0000 INFO [o.n.k.i.DiagnosticsManager] sun.os.patch.level = unknown
2017-10-20 12:07:22.851+0000 INFO [o.n.k.i.DiagnosticsManager] user.dir = /Users/jakublemiszewski/Desktop/www/Neo4j-Practice/EmployeeDeprtmentProblemNeo
2017-10-20 12:07:22.851+0000 INFO [o.n.k.i.DiagnosticsManager] sun.jnu.encoding = UTF-8
2017-10-20 12:07:22.851+0000 INFO [o.n.k.i.DiagnosticsManager] unsupported.dbms.udc.source = tarball
2017-10-20 12:07:22.851+0000 INFO [o.n.k.i.DiagnosticsManager] sun.management.compiler = HotSpot 64-Bit Tiered Compilers
2017-10-20 12:07:22.851+0000 INFO [o.n.k.i.DiagnosticsManager] http.nonProxyHosts = local|*.local|169.254/16|*.169.254/16
2017-10-20 12:07:22.851+0000 INFO [o.n.k.i.DiagnosticsManager] user.home = /Users/jakublemiszewski
2017-10-20 12:07:22.851+0000 INFO [o.n.k.i.DiagnosticsManager] user.timezone = Europe/Copenhagen
2017-10-20 12:07:22.851+0000 INFO [o.n.k.i.DiagnosticsManager] file.encoding = UTF-8
2017-10-20 12:07:22.851+0000 INFO [o.n.k.i.DiagnosticsManager] user.name = jakublemiszewski
2017-10-20 12:07:22.851+0000 INFO [o.n.k.i.DiagnosticsManager] sun.java.command = org.neo4j.server.CommunityEntryPoint --home-dir=/Users/jakublemiszewski/desktop/www/Neo4j-Practice/EmployeeDeprtmentProblemNeo/db/neo4j/development --config-dir=/Users/jakublemiszewski/desktop/www/Neo4j-Practice/EmployeeDeprtmentProblemNeo/db/neo4j/development/conf
2017-10-20 12:07:22.851+0000 INFO [o.n.k.i.DiagnosticsManager] sun.arch.data.model = 64
2017-10-20 12:07:22.851+0000 INFO [o.n.k.i.DiagnosticsManager] user.language = en
2017-10-20 12:07:22.851+0000 INFO [o.n.k.i.DiagnosticsManager] awt.toolkit = sun.lwawt.macosx.LWCToolkit
2017-10-20 12:07:22.851+0000 INFO [o.n.k.i.DiagnosticsManager] jdk.tls.ephemeralDHKeySize = 2048
2017-10-20 12:07:22.851+0000 INFO [o.n.k.i.DiagnosticsManager] file.separator = /
2017-10-20 12:07:22.851+0000 INFO [o.n.k.i.DiagnosticsManager] sun.io.unicode.encoding = UnicodeBig
2017-10-20 12:07:22.851+0000 INFO [o.n.k.i.DiagnosticsManager] sun.cpu.endian = little
2017-10-20 12:07:22.851+0000 INFO [o.n.k.i.DiagnosticsManager] socksNonProxyHosts = local|*.local|169.254/16|*.169.254/16
2017-10-20 12:07:22.851+0000 INFO [o.n.k.i.DiagnosticsManager] ftp.nonProxyHosts = local|*.local|169.254/16|*.169.254/16
2017-10-20 12:07:22.851+0000 INFO [o.n.k.i.DiagnosticsManager] sun.cpu.isalist = 
2017-10-20 12:07:22.851+0000 INFO [o.n.k.i.DiagnosticsManager] Network information:
2017-10-20 12:07:22.857+0000 INFO [o.n.k.i.DiagnosticsManager] Interface en5:
2017-10-20 12:07:22.857+0000 INFO [o.n.k.i.DiagnosticsManager]     address: fe80:0:0:0:aede:48ff:fe00:1122%en5
2017-10-20 12:07:22.857+0000 INFO [o.n.k.i.DiagnosticsManager] Interface utun0:
2017-10-20 12:07:22.857+0000 INFO [o.n.k.i.DiagnosticsManager]     address: fe80:0:0:0:9f88:3769:4492:984d%utun0
2017-10-20 12:07:22.857+0000 INFO [o.n.k.i.DiagnosticsManager] Interface awdl0:
2017-10-20 12:07:22.857+0000 INFO [o.n.k.i.DiagnosticsManager]     address: fe80:0:0:0:e0e1:c9ff:fe29:38d0%awdl0
2017-10-20 12:07:22.857+0000 INFO [o.n.k.i.DiagnosticsManager] Interface en0:
2017-10-20 12:07:22.857+0000 INFO [o.n.k.i.DiagnosticsManager]     address: fe80:0:0:0:c96:bba2:f183:ac9a%en0
2017-10-20 12:07:22.857+0000 INFO [o.n.k.i.DiagnosticsManager]     address: 192.168.1.132
2017-10-20 12:07:22.857+0000 INFO [o.n.k.i.DiagnosticsManager] Interface lo0:
2017-10-20 12:07:22.858+0000 INFO [o.n.k.i.DiagnosticsManager]     address: fe80:0:0:0:0:0:0:1%lo0
2017-10-20 12:07:22.858+0000 INFO [o.n.k.i.DiagnosticsManager]     address: 0:0:0:0:0:0:0:1
2017-10-20 12:07:22.858+0000 INFO [o.n.k.i.DiagnosticsManager]     address: 127.0.0.1
2017-10-20 12:07:22.858+0000 INFO [o.n.k.i.DiagnosticsManager] --- INITIALIZED diagnostics END ---
2017-10-20 12:07:23.582+0000 INFO [o.n.b.v.r.WorkerFactory] Bolt Server extension loaded.
2017-10-20 12:07:23.582+0000 INFO [o.n.b.v.r.WorkerFactory] Bolt enabled on localhost:7472.
2017-10-20 12:07:23.694+0000 INFO [o.n.k.i.s.f.RecordFormatSelector] Selected format 'RecordFormat:StandardV3_2[v0.A.8]' for the new store
2017-10-20 12:07:23.918+0000 INFO [o.n.k.i.a.i.IndexingService] IndexingService.init: indexes not specifically mentioned above are null
2017-10-20 12:07:23.919+0000 INFO [o.n.k.i.i.l.NativeLabelScanStore] No scan store found, this might just be first use. Preparing to rebuild.
2017-10-20 12:07:23.944+0000 INFO [o.n.k.NeoStoreDataSource] Opened logical log [/Users/jakublemiszewski/desktop/www/Neo4j-Practice/EmployeeDeprtmentProblemNeo/db/neo4j/development/data/databases/graph.db/neostore.transaction.db.0] version=0, lastTxId=1 (clean)
2017-10-20 12:07:23.946+0000 INFO [o.n.k.NeoStoreDataSource] No commits found after last check point (which is at <no log position given>)
2017-10-20 12:07:23.951+0000 WARN [o.n.k.i.s.MetaDataStore] Missing counts store, rebuilding it.
2017-10-20 12:07:24.072+0000 WARN [o.n.k.i.s.MetaDataStore] Counts store rebuild completed.
2017-10-20 12:07:24.083+0000 INFO [o.n.k.i.a.i.IndexingService] IndexingService.start: indexes not specifically mentioned above are null
2017-10-20 12:07:24.084+0000 INFO [o.n.k.i.i.l.NativeLabelScanStore] Rebuilding scan store, this may take a while
2017-10-20 12:07:24.091+0000 INFO [o.n.k.i.i.l.NativeLabelScanStore] Scan store rebuilt (roughly 0 nodes)
2017-10-20 12:07:24.094+0000 INFO [o.n.k.i.DatabaseHealth] Database health set to OK
2017-10-20 12:07:24.463+0000 INFO [o.n.k.AvailabilityGuard] Fulfilling of requirement makes database available: Database available
2017-10-20 12:07:24.464+0000 INFO [o.n.k.i.f.GraphDatabaseFacadeFactory] Database is now ready
2017-10-20 12:07:24.465+0000 INFO [o.n.k.i.DiagnosticsManager] --- STARTED diagnostics for KernelDiagnostics:Versions START ---
2017-10-20 12:07:24.465+0000 INFO [o.n.k.i.DiagnosticsManager] Graph Database: community single StoreId{creationTime=1508501243822, randomId=-8316035249732713755, storeVersion=15813456178476550, upgradeTime=1508501243822, upgradeId=1}
2017-10-20 12:07:24.465+0000 INFO [o.n.k.i.DiagnosticsManager] Kernel version: 3.2.6,efa67a61e2f231105c07b2ae049b246165572bd7
2017-10-20 12:07:24.465+0000 INFO [o.n.k.i.DiagnosticsManager] --- STARTED diagnostics for KernelDiagnostics:Versions END ---
2017-10-20 12:07:24.466+0000 INFO [o.n.k.i.DiagnosticsManager] --- STARTED diagnostics for NEO_STORE_VERSIONS START ---
2017-10-20 12:07:24.467+0000 INFO [o.n.k.i.DiagnosticsManager] Store versions:
2017-10-20 12:07:24.467+0000 INFO [o.n.k.i.DiagnosticsManager] Store versions:
2017-10-20 12:07:24.467+0000 INFO [o.n.k.i.DiagnosticsManager]   ArrayPropertyStore v0.A.8
2017-10-20 12:07:24.467+0000 INFO [o.n.k.i.DiagnosticsManager]   NodeStore v0.A.8
2017-10-20 12:07:24.467+0000 INFO [o.n.k.i.DiagnosticsManager]   StringPropertyStore v0.A.8
2017-10-20 12:07:24.467+0000 INFO [o.n.k.i.DiagnosticsManager]   PropertyIndexStore v0.A.8
2017-10-20 12:07:24.467+0000 INFO [o.n.k.i.DiagnosticsManager]   StringPropertyStore v0.A.8
2017-10-20 12:07:24.467+0000 INFO [o.n.k.i.DiagnosticsManager]   ArrayPropertyStore v0.A.8
2017-10-20 12:07:24.467+0000 INFO [o.n.k.i.DiagnosticsManager]   PropertyStore v0.A.8
2017-10-20 12:07:24.467+0000 INFO [o.n.k.i.DiagnosticsManager]   RelationshipStore v0.A.8
2017-10-20 12:07:24.467+0000 INFO [o.n.k.i.DiagnosticsManager]   StringPropertyStore v0.A.8
2017-10-20 12:07:24.467+0000 INFO [o.n.k.i.DiagnosticsManager]   RelationshipTypeStore v0.A.8
2017-10-20 12:07:24.467+0000 INFO [o.n.k.i.DiagnosticsManager]   StringPropertyStore v0.A.8
2017-10-20 12:07:24.467+0000 INFO [o.n.k.i.DiagnosticsManager]   LabelTokenStore v0.A.8
2017-10-20 12:07:24.468+0000 INFO [o.n.k.i.DiagnosticsManager]   SchemaStore v0.A.8
2017-10-20 12:07:24.468+0000 INFO [o.n.k.i.DiagnosticsManager]   RelationshipGroupStore v0.A.8
2017-10-20 12:07:24.468+0000 INFO [o.n.k.i.DiagnosticsManager]   NeoStore v0.A.8
2017-10-20 12:07:24.468+0000 INFO [o.n.k.i.DiagnosticsManager] --- STARTED diagnostics for NEO_STORE_VERSIONS END ---
2017-10-20 12:07:24.468+0000 INFO [o.n.k.i.DiagnosticsManager] --- STARTED diagnostics for NEO_STORE_ID_USAGE START ---
2017-10-20 12:07:24.468+0000 INFO [o.n.k.i.DiagnosticsManager] Id usage:
2017-10-20 12:07:24.468+0000 INFO [o.n.k.i.DiagnosticsManager] Id usage:
2017-10-20 12:07:24.468+0000 INFO [o.n.k.i.DiagnosticsManager]   ArrayPropertyStore: used=1 high=0
2017-10-20 12:07:24.468+0000 INFO [o.n.k.i.DiagnosticsManager]   NodeStore: used=0 high=-1
2017-10-20 12:07:24.468+0000 INFO [o.n.k.i.DiagnosticsManager]   StringPropertyStore: used=1 high=0
2017-10-20 12:07:24.468+0000 INFO [o.n.k.i.DiagnosticsManager]   PropertyIndexStore: used=0 high=-1
2017-10-20 12:07:24.469+0000 INFO [o.n.k.i.DiagnosticsManager]   StringPropertyStore: used=1 high=0
2017-10-20 12:07:24.469+0000 INFO [o.n.k.i.DiagnosticsManager]   ArrayPropertyStore: used=1 high=0
2017-10-20 12:07:24.469+0000 INFO [o.n.k.i.DiagnosticsManager]   PropertyStore: used=0 high=-1
2017-10-20 12:07:24.469+0000 INFO [o.n.k.i.DiagnosticsManager]   RelationshipStore: used=0 high=-1
2017-10-20 12:07:24.469+0000 INFO [o.n.k.i.DiagnosticsManager]   StringPropertyStore: used=1 high=0
2017-10-20 12:07:24.469+0000 INFO [o.n.k.i.DiagnosticsManager]   RelationshipTypeStore: used=0 high=-1
2017-10-20 12:07:24.469+0000 INFO [o.n.k.i.DiagnosticsManager]   StringPropertyStore: used=1 high=0
2017-10-20 12:07:24.469+0000 INFO [o.n.k.i.DiagnosticsManager]   LabelTokenStore: used=0 high=-1
2017-10-20 12:07:24.470+0000 INFO [o.n.k.i.DiagnosticsManager]   SchemaStore: used=1 high=0
2017-10-20 12:07:24.470+0000 INFO [o.n.k.i.DiagnosticsManager]   RelationshipGroupStore: used=1 high=0
2017-10-20 12:07:24.470+0000 INFO [o.n.k.i.DiagnosticsManager]   NeoStore: used=0 high=-1
2017-10-20 12:07:24.470+0000 INFO [o.n.k.i.DiagnosticsManager] --- STARTED diagnostics for NEO_STORE_ID_USAGE END ---
2017-10-20 12:07:24.470+0000 INFO [o.n.k.i.DiagnosticsManager] --- STARTED diagnostics for NEO_STORE_RECORDS START ---
2017-10-20 12:07:24.470+0000 INFO [o.n.k.i.DiagnosticsManager] Neostore records:
2017-10-20 12:07:24.471+0000 INFO [o.n.k.i.DiagnosticsManager] TIME (Creation time): 1508501243822
2017-10-20 12:07:24.471+0000 INFO [o.n.k.i.DiagnosticsManager] RANDOM_NUMBER (Random number for store id): -8316035249732713755
2017-10-20 12:07:24.471+0000 INFO [o.n.k.i.DiagnosticsManager] LOG_VERSION (Current log version): 0
2017-10-20 12:07:24.471+0000 INFO [o.n.k.i.DiagnosticsManager] LAST_TRANSACTION_ID (Last committed transaction): 1
2017-10-20 12:07:24.471+0000 INFO [o.n.k.i.DiagnosticsManager] STORE_VERSION (Store format version): 15813456178476550
2017-10-20 12:07:24.471+0000 INFO [o.n.k.i.DiagnosticsManager] FIRST_GRAPH_PROPERTY (First property record containing graph properties): -1
2017-10-20 12:07:24.471+0000 INFO [o.n.k.i.DiagnosticsManager] LAST_CONSTRAINT_TRANSACTION (Last committed transaction containing constraint changes): 0
2017-10-20 12:07:24.471+0000 INFO [o.n.k.i.DiagnosticsManager] UPGRADE_TRANSACTION_ID (Transaction id most recent upgrade was performed at): 1
2017-10-20 12:07:24.471+0000 INFO [o.n.k.i.DiagnosticsManager] UPGRADE_TIME (Time of last upgrade): 1508501243822
2017-10-20 12:07:24.471+0000 INFO [o.n.k.i.DiagnosticsManager] LAST_TRANSACTION_CHECKSUM (Checksum of last committed transaction): 0
2017-10-20 12:07:24.471+0000 INFO [o.n.k.i.DiagnosticsManager] UPGRADE_TRANSACTION_CHECKSUM (Checksum of transaction id the most recent upgrade was performed at): 0
2017-10-20 12:07:24.471+0000 INFO [o.n.k.i.DiagnosticsManager] LAST_CLOSED_TRANSACTION_LOG_VERSION (Log version where the last transaction commit entry has been written into): 0
2017-10-20 12:07:24.471+0000 INFO [o.n.k.i.DiagnosticsManager] LAST_CLOSED_TRANSACTION_LOG_BYTE_OFFSET (Byte offset in the log file where the last transaction commit entry has been written into): 16
2017-10-20 12:07:24.471+0000 INFO [o.n.k.i.DiagnosticsManager] LAST_TRANSACTION_COMMIT_TIMESTAMP (Commit time timestamp for last committed transaction): 0
2017-10-20 12:07:24.472+0000 INFO [o.n.k.i.DiagnosticsManager] UPGRADE_TRANSACTION_COMMIT_TIMESTAMP (Commit timestamp of transaction the most recent upgrade was performed at): 0
2017-10-20 12:07:24.472+0000 INFO [o.n.k.i.DiagnosticsManager] --- STARTED diagnostics for NEO_STORE_RECORDS END ---
2017-10-20 12:07:24.472+0000 INFO [o.n.k.i.DiagnosticsManager] --- STARTED diagnostics for TRANSACTION_RANGE START ---
2017-10-20 12:07:24.472+0000 INFO [o.n.k.i.DiagnosticsManager] Transaction log:
2017-10-20 12:07:24.473+0000 INFO [o.n.k.i.DiagnosticsManager] No transactions found in any log
2017-10-20 12:07:24.473+0000 INFO [o.n.k.i.DiagnosticsManager] --- STARTED diagnostics for TRANSACTION_RANGE END ---
2017-10-20 12:07:24.473+0000 INFO [o.n.k.i.DiagnosticsManager] --- STARTED diagnostics for KernelDiagnostics:StoreFiles START ---
2017-10-20 12:07:24.474+0000 INFO [o.n.k.i.DiagnosticsManager] Disk space on partition (Total / Free / Free %): 250685575168 / 206023487488 / 82
Storage files: (filename : modification date - size)
2017-10-20 12:07:24.474+0000 INFO [o.n.k.i.DiagnosticsManager]   index:
2017-10-20 12:07:24.474+0000 INFO [o.n.k.i.DiagnosticsManager]   - Total: 2017-10-20T14:07:23+0200 - 0.00 B
2017-10-20 12:07:24.475+0000 INFO [o.n.k.i.DiagnosticsManager]   neostore: 2017-10-20T14:07:23+0200 - 8.00 kB
2017-10-20 12:07:24.475+0000 INFO [o.n.k.i.DiagnosticsManager]   neostore.counts.db.a: 2017-10-20T14:07:24+0200 - 96.00 B
2017-10-20 12:07:24.475+0000 INFO [o.n.k.i.DiagnosticsManager]   neostore.id: 2017-10-20T14:07:23+0200 - 9.00 B
2017-10-20 12:07:24.475+0000 INFO [o.n.k.i.DiagnosticsManager]   neostore.labelscanstore.db: 2017-10-20T14:07:24+0200 - 40.00 kB
2017-10-20 12:07:24.475+0000 INFO [o.n.k.i.DiagnosticsManager]   neostore.labeltokenstore.db: 2017-10-20T14:07:23+0200 - 0.00 B
2017-10-20 12:07:24.475+0000 INFO [o.n.k.i.DiagnosticsManager]   neostore.labeltokenstore.db.id: 2017-10-20T14:07:23+0200 - 9.00 B
2017-10-20 12:07:24.475+0000 INFO [o.n.k.i.DiagnosticsManager]   neostore.labeltokenstore.db.names: 2017-10-20T14:07:23+0200 - 8.00 kB
2017-10-20 12:07:24.476+0000 INFO [o.n.k.i.DiagnosticsManager]   neostore.labeltokenstore.db.names.id: 2017-10-20T14:07:23+0200 - 9.00 B
2017-10-20 12:07:24.476+0000 INFO [o.n.k.i.DiagnosticsManager]   neostore.nodestore.db: 2017-10-20T14:07:23+0200 - 0.00 B
2017-10-20 12:07:24.476+0000 INFO [o.n.k.i.DiagnosticsManager]   neostore.nodestore.db.id: 2017-10-20T14:07:23+0200 - 9.00 B
2017-10-20 12:07:24.476+0000 INFO [o.n.k.i.DiagnosticsManager]   neostore.nodestore.db.labels: 2017-10-20T14:07:23+0200 - 8.00 kB
2017-10-20 12:07:24.476+0000 INFO [o.n.k.i.DiagnosticsManager]   neostore.nodestore.db.labels.id: 2017-10-20T14:07:23+0200 - 9.00 B
2017-10-20 12:07:24.476+0000 INFO [o.n.k.i.DiagnosticsManager]   neostore.propertystore.db: 2017-10-20T14:07:23+0200 - 0.00 B
2017-10-20 12:07:24.476+0000 INFO [o.n.k.i.DiagnosticsManager]   neostore.propertystore.db.arrays: 2017-10-20T14:07:23+0200 - 8.00 kB
2017-10-20 12:07:24.477+0000 INFO [o.n.k.i.DiagnosticsManager]   neostore.propertystore.db.arrays.id: 2017-10-20T14:07:23+0200 - 9.00 B
2017-10-20 12:07:24.477+0000 INFO [o.n.k.i.DiagnosticsManager]   neostore.propertystore.db.id: 2017-10-20T14:07:23+0200 - 9.00 B
2017-10-20 12:07:24.477+0000 INFO [o.n.k.i.DiagnosticsManager]   neostore.propertystore.db.index: 2017-10-20T14:07:23+0200 - 0.00 B
2017-10-20 12:07:24.477+0000 INFO [o.n.k.i.DiagnosticsManager]   neostore.propertystore.db.index.id: 2017-10-20T14:07:23+0200 - 9.00 B
2017-10-20 12:07:24.477+0000 INFO [o.n.k.i.DiagnosticsManager]   neostore.propertystore.db.index.keys: 2017-10-20T14:07:23+0200 - 8.00 kB
2017-10-20 12:07:24.477+0000 INFO [o.n.k.i.DiagnosticsManager]   neostore.propertystore.db.index.keys.id: 2017-10-20T14:07:23+0200 - 9.00 B
2017-10-20 12:07:24.477+0000 INFO [o.n.k.i.DiagnosticsManager]   neostore.propertystore.db.strings: 2017-10-20T14:07:23+0200 - 8.00 kB
2017-10-20 12:07:24.478+0000 INFO [o.n.k.i.DiagnosticsManager]   neostore.propertystore.db.strings.id: 2017-10-20T14:07:23+0200 - 9.00 B
2017-10-20 12:07:24.478+0000 INFO [o.n.k.i.DiagnosticsManager]   neostore.relationshipgroupstore.db: 2017-10-20T14:07:23+0200 - 8.00 kB
2017-10-20 12:07:24.478+0000 INFO [o.n.k.i.DiagnosticsManager]   neostore.relationshipgroupstore.db.id: 2017-10-20T14:07:23+0200 - 9.00 B
2017-10-20 12:07:24.478+0000 INFO [o.n.k.i.DiagnosticsManager]   neostore.relationshipstore.db: 2017-10-20T14:07:23+0200 - 0.00 B
2017-10-20 12:07:24.478+0000 INFO [o.n.k.i.DiagnosticsManager]   neostore.relationshipstore.db.id: 2017-10-20T14:07:23+0200 - 9.00 B
2017-10-20 12:07:24.478+0000 INFO [o.n.k.i.DiagnosticsManager]   neostore.relationshiptypestore.db: 2017-10-20T14:07:23+0200 - 0.00 B
2017-10-20 12:07:24.478+0000 INFO [o.n.k.i.DiagnosticsManager]   neostore.relationshiptypestore.db.id: 2017-10-20T14:07:23+0200 - 9.00 B
2017-10-20 12:07:24.479+0000 INFO [o.n.k.i.DiagnosticsManager]   neostore.relationshiptypestore.db.names: 2017-10-20T14:07:23+0200 - 8.00 kB
2017-10-20 12:07:24.479+0000 INFO [o.n.k.i.DiagnosticsManager]   neostore.relationshiptypestore.db.names.id: 2017-10-20T14:07:23+0200 - 9.00 B
2017-10-20 12:07:24.479+0000 INFO [o.n.k.i.DiagnosticsManager]   neostore.schemastore.db: 2017-10-20T14:07:23+0200 - 8.00 kB
2017-10-20 12:07:24.479+0000 INFO [o.n.k.i.DiagnosticsManager]   neostore.schemastore.db.id: 2017-10-20T14:07:23+0200 - 9.00 B
2017-10-20 12:07:24.479+0000 INFO [o.n.k.i.DiagnosticsManager]   neostore.transaction.db.0: 2017-10-20T14:07:23+0200 - 16.00 B
2017-10-20 12:07:24.479+0000 INFO [o.n.k.i.DiagnosticsManager]   store_lock: 2017-10-20T14:07:23+0200 - 0.00 B
2017-10-20 12:07:24.479+0000 INFO [o.n.k.i.DiagnosticsManager] --- STARTED diagnostics for KernelDiagnostics:StoreFiles END ---
2017-10-20 12:07:25.610+0000 INFO [o.n.k.i.DiagnosticsManager] --- SERVER STARTED START ---
2017-10-20 12:07:26.439+0000 INFO [o.n.k.i.DiagnosticsManager] --- SERVER STARTED END ---
2017-10-20 12:44:23.976+0000 INFO [o.n.k.i.a.i.IndexPopulationJob] Index population started: [:Neo4j::Migrations::SchemaMigration(migration_id) [provider: {key=lucene, version=1.0}]]
2017-10-20 12:44:24.129+0000 INFO [o.n.k.i.a.i.IndexPopulationJob] Completed node store scan. Flushing all pending updates.
BatchingMultipleIndexPopulator{activeTasks=0, executor=java.util.concurrent.ThreadPoolExecutor@4e0bf1c0[Running, pool size = 0, active threads = 0, queued tasks = 0, completed tasks = 0], batchedUpdates = [], queuedUpdates = 0}
2017-10-20 12:44:24.129+0000 INFO [o.n.k.i.a.i.IndexPopulationJob] Shutting down executor.
BatchingMultipleIndexPopulator{activeTasks=0, executor=java.util.concurrent.ThreadPoolExecutor@4e0bf1c0[Running, pool size = 0, active threads = 0, queued tasks = 0, completed tasks = 0], batchedUpdates = [], queuedUpdates = 0}
2017-10-20 12:44:24.160+0000 INFO [o.n.k.i.a.i.IndexPopulationJob] Index population completed. Index is now online: [:Neo4j::Migrations::SchemaMigration(migration_id) [provider: {key=lucene, version=1.0}]]
2017-10-20 12:44:24.557+0000 INFO [o.n.k.i.a.i.IndexPopulationJob] Index population started: [:Category(uuid) [provider: {key=lucene, version=1.0}]]
2017-10-20 12:44:24.566+0000 INFO [o.n.k.i.a.i.IndexPopulationJob] Completed node store scan. Flushing all pending updates.
BatchingMultipleIndexPopulator{activeTasks=0, executor=java.util.concurrent.ThreadPoolExecutor@229efd17[Running, pool size = 0, active threads = 0, queued tasks = 0, completed tasks = 0], batchedUpdates = [], queuedUpdates = 0}
2017-10-20 12:44:24.567+0000 INFO [o.n.k.i.a.i.IndexPopulationJob] Shutting down executor.
BatchingMultipleIndexPopulator{activeTasks=0, executor=java.util.concurrent.ThreadPoolExecutor@229efd17[Running, pool size = 0, active threads = 0, queued tasks = 0, completed tasks = 0], batchedUpdates = [], queuedUpdates = 0}
2017-10-20 12:44:24.575+0000 INFO [o.n.k.i.a.i.IndexPopulationJob] Index population completed. Index is now online: [:Category(uuid) [provider: {key=lucene, version=1.0}]]
2017-10-20 12:44:24.668+0000 INFO [o.n.k.i.t.l.c.CheckPointerImpl] Check Pointing triggered by scheduler for time threshold [11]:  Starting check pointing...
2017-10-20 12:44:24.668+0000 INFO [o.n.k.i.t.l.c.CheckPointerImpl] Check Pointing triggered by scheduler for time threshold [11]:  Starting store flush...
2017-10-20 12:44:24.685+0000 INFO [o.n.k.i.s.c.CountsTracker] About to rotate counts store at transaction 11 to [/Users/jakublemiszewski/desktop/www/Neo4j-Practice/EmployeeDeprtmentProblemNeo/db/neo4j/development/data/databases/graph.db/neostore.counts.db.b], from [/Users/jakublemiszewski/desktop/www/Neo4j-Practice/EmployeeDeprtmentProblemNeo/db/neo4j/development/data/databases/graph.db/neostore.counts.db.a].
2017-10-20 12:44:24.686+0000 INFO [o.n.k.i.s.c.CountsTracker] Successfully rotated counts store at transaction 11 to [/Users/jakublemiszewski/desktop/www/Neo4j-Practice/EmployeeDeprtmentProblemNeo/db/neo4j/development/data/databases/graph.db/neostore.counts.db.b], from [/Users/jakublemiszewski/desktop/www/Neo4j-Practice/EmployeeDeprtmentProblemNeo/db/neo4j/development/data/databases/graph.db/neostore.counts.db.a].
2017-10-20 12:44:24.691+0000 INFO [o.n.k.i.t.l.c.CheckPointerImpl] Check Pointing triggered by scheduler for time threshold [11]:  Store flush completed
2017-10-20 12:44:24.691+0000 INFO [o.n.k.i.t.l.c.CheckPointerImpl] Check Pointing triggered by scheduler for time threshold [11]:  Starting appending check point entry into the tx log...
2017-10-20 12:44:24.692+0000 INFO [o.n.k.i.t.l.c.CheckPointerImpl] Check Pointing triggered by scheduler for time threshold [11]:  Appending check point entry into the tx log completed
2017-10-20 12:44:24.692+0000 INFO [o.n.k.i.t.l.c.CheckPointerImpl] Check Pointing triggered by scheduler for time threshold [11]:  Check pointing completed
2017-10-20 12:44:24.692+0000 INFO [o.n.k.i.t.l.p.LogPruningImpl] Log Rotation [0]:  Starting log pruning.
2017-10-20 12:44:24.692+0000 INFO [o.n.k.i.t.l.p.LogPruningImpl] Log Rotation [0]:  Log pruning complete.
2017-10-20 12:44:24.828+0000 INFO [o.n.k.i.a.i.IndexPopulationJob] Index population started: [:Company(uuid) [provider: {key=lucene, version=1.0}]]
2017-10-20 12:44:24.831+0000 INFO [o.n.k.i.a.i.IndexPopulationJob] Completed node store scan. Flushing all pending updates.
BatchingMultipleIndexPopulator{activeTasks=0, executor=java.util.concurrent.ThreadPoolExecutor@3e8a9112[Running, pool size = 0, active threads = 0, queued tasks = 0, completed tasks = 0], batchedUpdates = [], queuedUpdates = 0}
2017-10-20 12:44:24.831+0000 INFO [o.n.k.i.a.i.IndexPopulationJob] Shutting down executor.
BatchingMultipleIndexPopulator{activeTasks=0, executor=java.util.concurrent.ThreadPoolExecutor@3e8a9112[Running, pool size = 0, active threads = 0, queued tasks = 0, completed tasks = 0], batchedUpdates = [], queuedUpdates = 0}
2017-10-20 12:44:24.843+0000 INFO [o.n.k.i.a.i.IndexPopulationJob] Index population completed. Index is now online: [:Company(uuid) [provider: {key=lucene, version=1.0}]]
2017-10-20 12:44:24.923+0000 INFO [o.n.k.i.a.i.IndexPopulationJob] Index population started: [:Department(uuid) [provider: {key=lucene, version=1.0}]]
2017-10-20 12:44:24.925+0000 INFO [o.n.k.i.a.i.IndexPopulationJob] Completed node store scan. Flushing all pending updates.
BatchingMultipleIndexPopulator{activeTasks=0, executor=java.util.concurrent.ThreadPoolExecutor@7b87eb1f[Running, pool size = 0, active threads = 0, queued tasks = 0, completed tasks = 0], batchedUpdates = [], queuedUpdates = 0}
2017-10-20 12:44:24.926+0000 INFO [o.n.k.i.a.i.IndexPopulationJob] Shutting down executor.
BatchingMultipleIndexPopulator{activeTasks=0, executor=java.util.concurrent.ThreadPoolExecutor@7b87eb1f[Running, pool size = 0, active threads = 0, queued tasks = 0, completed tasks = 0], batchedUpdates = [], queuedUpdates = 0}
2017-10-20 12:44:24.931+0000 INFO [o.n.k.i.a.i.IndexPopulationJob] Index population completed. Index is now online: [:Department(uuid) [provider: {key=lucene, version=1.0}]]
2017-10-20 12:44:24.996+0000 INFO [o.n.k.i.a.i.IndexPopulationJob] Index population started: [:Person(uuid) [provider: {key=lucene, version=1.0}]]
2017-10-20 12:44:24.998+0000 INFO [o.n.k.i.a.i.IndexPopulationJob] Completed node store scan. Flushing all pending updates.
BatchingMultipleIndexPopulator{activeTasks=0, executor=java.util.concurrent.ThreadPoolExecutor@480c8f34[Running, pool size = 0, active threads = 0, queued tasks = 0, completed tasks = 0], batchedUpdates = [], queuedUpdates = 0}
2017-10-20 12:44:24.998+0000 INFO [o.n.k.i.a.i.IndexPopulationJob] Shutting down executor.
BatchingMultipleIndexPopulator{activeTasks=0, executor=java.util.concurrent.ThreadPoolExecutor@480c8f34[Running, pool size = 0, active threads = 0, queued tasks = 0, completed tasks = 0], batchedUpdates = [], queuedUpdates = 0}
2017-10-20 12:44:25.004+0000 INFO [o.n.k.i.a.i.IndexPopulationJob] Index population completed. Index is now online: [:Person(uuid) [provider: {key=lucene, version=1.0}]]
2017-10-20 12:44:25.085+0000 INFO [o.n.k.i.a.i.IndexPopulationJob] Index population started: [:Technology(uuid) [provider: {key=lucene, version=1.0}]]
2017-10-20 12:44:25.088+0000 INFO [o.n.k.i.a.i.IndexPopulationJob] Completed node store scan. Flushing all pending updates.
BatchingMultipleIndexPopulator{activeTasks=0, executor=java.util.concurrent.ThreadPoolExecutor@5f1044e6[Running, pool size = 0, active threads = 0, queued tasks = 0, completed tasks = 0], batchedUpdates = [], queuedUpdates = 0}
2017-10-20 12:44:25.088+0000 INFO [o.n.k.i.a.i.IndexPopulationJob] Shutting down executor.
BatchingMultipleIndexPopulator{activeTasks=0, executor=java.util.concurrent.ThreadPoolExecutor@5f1044e6[Running, pool size = 0, active threads = 0, queued tasks = 0, completed tasks = 0], batchedUpdates = [], queuedUpdates = 0}
2017-10-20 12:44:25.096+0000 INFO [o.n.k.i.a.i.IndexPopulationJob] Index population completed. Index is now online: [:Technology(uuid) [provider: {key=lucene, version=1.0}]]
2017-10-20 15:58:24.095+0000 WARN [o.n.k.i.c.MonitorGc] GC Monitor: Application threads blocked for 1013ms.
2017-10-20 15:58:26.219+0000 INFO [o.n.k.i.t.l.c.CheckPointerImpl] Check Pointing triggered by scheduler for time threshold [32]:  Starting check pointing...
2017-10-20 15:58:26.220+0000 INFO [o.n.k.i.t.l.c.CheckPointerImpl] Check Pointing triggered by scheduler for time threshold [32]:  Starting store flush...
2017-10-20 15:58:26.237+0000 INFO [o.n.k.i.s.c.CountsTracker] About to rotate counts store at transaction 32 to [/Users/jakublemiszewski/desktop/www/Neo4j-Practice/EmployeeDeprtmentProblemNeo/db/neo4j/development/data/databases/graph.db/neostore.counts.db.a], from [/Users/jakublemiszewski/desktop/www/Neo4j-Practice/EmployeeDeprtmentProblemNeo/db/neo4j/development/data/databases/graph.db/neostore.counts.db.b].
2017-10-20 15:58:26.239+0000 INFO [o.n.k.i.s.c.CountsTracker] Successfully rotated counts store at transaction 32 to [/Users/jakublemiszewski/desktop/www/Neo4j-Practice/EmployeeDeprtmentProblemNeo/db/neo4j/development/data/databases/graph.db/neostore.counts.db.a], from [/Users/jakublemiszewski/desktop/www/Neo4j-Practice/EmployeeDeprtmentProblemNeo/db/neo4j/development/data/databases/graph.db/neostore.counts.db.b].
2017-10-20 15:58:26.242+0000 INFO [o.n.k.i.t.l.c.CheckPointerImpl] Check Pointing triggered by scheduler for time threshold [32]:  Store flush completed
2017-10-20 15:58:26.242+0000 INFO [o.n.k.i.t.l.c.CheckPointerImpl] Check Pointing triggered by scheduler for time threshold [32]:  Starting appending check point entry into the tx log...
2017-10-20 15:58:26.242+0000 INFO [o.n.k.i.t.l.c.CheckPointerImpl] Check Pointing triggered by scheduler for time threshold [32]:  Appending check point entry into the tx log completed
2017-10-20 15:58:26.242+0000 INFO [o.n.k.i.t.l.c.CheckPointerImpl] Check Pointing triggered by scheduler for time threshold [32]:  Check pointing completed
2017-10-20 15:58:26.242+0000 INFO [o.n.k.i.t.l.p.LogPruningImpl] Log Rotation [0]:  Starting log pruning.
2017-10-20 15:58:26.242+0000 INFO [o.n.k.i.t.l.p.LogPruningImpl] Log Rotation [0]:  Log pruning complete.
2017-10-21 00:59:05.941+0000 WARN [o.n.k.i.c.MonitorGc] GC Monitor: Application threads blocked for 31487ms.
2017-10-22 16:28:31.348+0000 WARN [o.n.k.i.c.MonitorGc] GC Monitor: Application threads blocked for 16985ms.
2017-10-22 17:09:02.960+0000 INFO [o.n.k.i.t.l.c.CheckPointerImpl] Check Pointing triggered by scheduler for time threshold [34]:  Starting check pointing...
2017-10-22 17:09:02.960+0000 INFO [o.n.k.i.t.l.c.CheckPointerImpl] Check Pointing triggered by scheduler for time threshold [34]:  Starting store flush...
2017-10-22 17:09:02.981+0000 INFO [o.n.k.i.s.c.CountsTracker] About to rotate counts store at transaction 34 to [/Users/jakublemiszewski/desktop/www/Neo4j-Practice/EmployeeDeprtmentProblemNeo/db/neo4j/development/data/databases/graph.db/neostore.counts.db.b], from [/Users/jakublemiszewski/desktop/www/Neo4j-Practice/EmployeeDeprtmentProblemNeo/db/neo4j/development/data/databases/graph.db/neostore.counts.db.a].
2017-10-22 17:09:02.983+0000 INFO [o.n.k.i.s.c.CountsTracker] Successfully rotated counts store at transaction 34 to [/Users/jakublemiszewski/desktop/www/Neo4j-Practice/EmployeeDeprtmentProblemNeo/db/neo4j/development/data/databases/graph.db/neostore.counts.db.b], from [/Users/jakublemiszewski/desktop/www/Neo4j-Practice/EmployeeDeprtmentProblemNeo/db/neo4j/development/data/databases/graph.db/neostore.counts.db.a].
2017-10-22 17:09:02.987+0000 INFO [o.n.k.i.t.l.c.CheckPointerImpl] Check Pointing triggered by scheduler for time threshold [34]:  Store flush completed
2017-10-22 17:09:02.987+0000 INFO [o.n.k.i.t.l.c.CheckPointerImpl] Check Pointing triggered by scheduler for time threshold [34]:  Starting appending check point entry into the tx log...
2017-10-22 17:09:02.987+0000 INFO [o.n.k.i.t.l.c.CheckPointerImpl] Check Pointing triggered by scheduler for time threshold [34]:  Appending check point entry into the tx log completed
2017-10-22 17:09:02.987+0000 INFO [o.n.k.i.t.l.c.CheckPointerImpl] Check Pointing triggered by scheduler for time threshold [34]:  Check pointing completed
2017-10-22 17:09:02.987+0000 INFO [o.n.k.i.t.l.p.LogPruningImpl] Log Rotation [0]:  Starting log pruning.
2017-10-22 17:09:02.987+0000 INFO [o.n.k.i.t.l.p.LogPruningImpl] Log Rotation [0]:  Log pruning complete.
2017-10-22 17:24:03.274+0000 INFO [o.n.k.i.t.l.c.CheckPointerImpl] Check Pointing triggered by scheduler for time threshold [37]:  Starting check pointing...
2017-10-22 17:24:03.280+0000 INFO [o.n.k.i.t.l.c.CheckPointerImpl] Check Pointing triggered by scheduler for time threshold [37]:  Starting store flush...
2017-10-22 17:24:03.294+0000 INFO [o.n.k.i.s.c.CountsTracker] About to rotate counts store at transaction 37 to [/Users/jakublemiszewski/desktop/www/Neo4j-Practice/EmployeeDeprtmentProblemNeo/db/neo4j/development/data/databases/graph.db/neostore.counts.db.a], from [/Users/jakublemiszewski/desktop/www/Neo4j-Practice/EmployeeDeprtmentProblemNeo/db/neo4j/development/data/databases/graph.db/neostore.counts.db.b].
2017-10-22 17:24:03.295+0000 INFO [o.n.k.i.s.c.CountsTracker] Successfully rotated counts store at transaction 37 to [/Users/jakublemiszewski/desktop/www/Neo4j-Practice/EmployeeDeprtmentProblemNeo/db/neo4j/development/data/databases/graph.db/neostore.counts.db.a], from [/Users/jakublemiszewski/desktop/www/Neo4j-Practice/EmployeeDeprtmentProblemNeo/db/neo4j/development/data/databases/graph.db/neostore.counts.db.b].
2017-10-22 17:24:03.299+0000 INFO [o.n.k.i.t.l.c.CheckPointerImpl] Check Pointing triggered by scheduler for time threshold [37]:  Store flush completed
2017-10-22 17:24:03.299+0000 INFO [o.n.k.i.t.l.c.CheckPointerImpl] Check Pointing triggered by scheduler for time threshold [37]:  Starting appending check point entry into the tx log...
2017-10-22 17:24:03.299+0000 INFO [o.n.k.i.t.l.c.CheckPointerImpl] Check Pointing triggered by scheduler for time threshold [37]:  Appending check point entry into the tx log completed
2017-10-22 17:24:03.299+0000 INFO [o.n.k.i.t.l.c.CheckPointerImpl] Check Pointing triggered by scheduler for time threshold [37]:  Check pointing completed
2017-10-22 17:24:03.299+0000 INFO [o.n.k.i.t.l.p.LogPruningImpl] Log Rotation [0]:  Starting log pruning.
2017-10-22 17:24:03.300+0000 INFO [o.n.k.i.t.l.p.LogPruningImpl] Log Rotation [0]:  Log pruning complete.
2017-10-22 17:39:03.519+0000 INFO [o.n.k.i.t.l.c.CheckPointerImpl] Check Pointing triggered by scheduler for time threshold [42]:  Starting check pointing...
2017-10-22 17:39:03.524+0000 INFO [o.n.k.i.t.l.c.CheckPointerImpl] Check Pointing triggered by scheduler for time threshold [42]:  Starting store flush...
2017-10-22 17:39:03.537+0000 INFO [o.n.k.i.s.c.CountsTracker] About to rotate counts store at transaction 42 to [/Users/jakublemiszewski/desktop/www/Neo4j-Practice/EmployeeDeprtmentProblemNeo/db/neo4j/development/data/databases/graph.db/neostore.counts.db.b], from [/Users/jakublemiszewski/desktop/www/Neo4j-Practice/EmployeeDeprtmentProblemNeo/db/neo4j/development/data/databases/graph.db/neostore.counts.db.a].
2017-10-22 17:39:03.539+0000 INFO [o.n.k.i.s.c.CountsTracker] Successfully rotated counts store at transaction 42 to [/Users/jakublemiszewski/desktop/www/Neo4j-Practice/EmployeeDeprtmentProblemNeo/db/neo4j/development/data/databases/graph.db/neostore.counts.db.b], from [/Users/jakublemiszewski/desktop/www/Neo4j-Practice/EmployeeDeprtmentProblemNeo/db/neo4j/development/data/databases/graph.db/neostore.counts.db.a].
2017-10-22 17:39:03.542+0000 INFO [o.n.k.i.t.l.c.CheckPointerImpl] Check Pointing triggered by scheduler for time threshold [42]:  Store flush completed
2017-10-22 17:39:03.542+0000 INFO [o.n.k.i.t.l.c.CheckPointerImpl] Check Pointing triggered by scheduler for time threshold [42]:  Starting appending check point entry into the tx log...
2017-10-22 17:39:03.542+0000 INFO [o.n.k.i.t.l.c.CheckPointerImpl] Check Pointing triggered by scheduler for time threshold [42]:  Appending check point entry into the tx log completed
2017-10-22 17:39:03.542+0000 INFO [o.n.k.i.t.l.c.CheckPointerImpl] Check Pointing triggered by scheduler for time threshold [42]:  Check pointing completed
2017-10-22 17:39:03.542+0000 INFO [o.n.k.i.t.l.p.LogPruningImpl] Log Rotation [0]:  Starting log pruning.
2017-10-22 17:39:03.542+0000 INFO [o.n.k.i.t.l.p.LogPruningImpl] Log Rotation [0]:  Log pruning complete.
2017-10-22 17:39:22.405+0000 INFO [o.n.c.i.ExecutionEngine] Discarded stale query from the query cache: MATCH (a)-[r]->(b) WHERE id(a) IN $existingNodeIds AND id(b) IN $newNodeIds RETURN r;
2017-10-22 17:39:22.407+0000 INFO [o.n.c.i.CommunityCompatibilityFactory] Discarded stale query from the query cache: MATCH (a)-[r]->(b) WHERE id(a) IN $existingNodeIds AND id(b) IN $newNodeIds RETURN r;
2017-10-22 17:39:27.658+0000 INFO [o.n.c.i.ExecutionEngine] Discarded stale query from the query cache: MATCH p=()-->() RETURN p LIMIT 25
2017-10-22 17:39:27.659+0000 INFO [o.n.c.i.CommunityCompatibilityFactory] Discarded stale query from the query cache: MATCH p=()-->() RETURN p LIMIT 25
2017-10-22 17:54:03.781+0000 INFO [o.n.k.i.t.l.c.CheckPointerImpl] Check Pointing triggered by scheduler for time threshold [49]:  Starting check pointing...
2017-10-22 17:54:03.786+0000 INFO [o.n.k.i.t.l.c.CheckPointerImpl] Check Pointing triggered by scheduler for time threshold [49]:  Starting store flush...
2017-10-22 17:54:03.810+0000 INFO [o.n.k.i.s.c.CountsTracker] About to rotate counts store at transaction 49 to [/Users/jakublemiszewski/desktop/www/Neo4j-Practice/EmployeeDeprtmentProblemNeo/db/neo4j/development/data/databases/graph.db/neostore.counts.db.a], from [/Users/jakublemiszewski/desktop/www/Neo4j-Practice/EmployeeDeprtmentProblemNeo/db/neo4j/development/data/databases/graph.db/neostore.counts.db.b].
2017-10-22 17:54:03.812+0000 INFO [o.n.k.i.s.c.CountsTracker] Successfully rotated counts store at transaction 49 to [/Users/jakublemiszewski/desktop/www/Neo4j-Practice/EmployeeDeprtmentProblemNeo/db/neo4j/development/data/databases/graph.db/neostore.counts.db.a], from [/Users/jakublemiszewski/desktop/www/Neo4j-Practice/EmployeeDeprtmentProblemNeo/db/neo4j/development/data/databases/graph.db/neostore.counts.db.b].
2017-10-22 17:54:03.815+0000 INFO [o.n.k.i.t.l.c.CheckPointerImpl] Check Pointing triggered by scheduler for time threshold [49]:  Store flush completed
2017-10-22 17:54:03.815+0000 INFO [o.n.k.i.t.l.c.CheckPointerImpl] Check Pointing triggered by scheduler for time threshold [49]:  Starting appending check point entry into the tx log...
2017-10-22 17:54:03.816+0000 INFO [o.n.k.i.t.l.c.CheckPointerImpl] Check Pointing triggered by scheduler for time threshold [49]:  Appending check point entry into the tx log completed
2017-10-22 17:54:03.816+0000 INFO [o.n.k.i.t.l.c.CheckPointerImpl] Check Pointing triggered by scheduler for time threshold [49]:  Check pointing completed
2017-10-22 17:54:03.816+0000 INFO [o.n.k.i.t.l.p.LogPruningImpl] Log Rotation [0]:  Starting log pruning.
2017-10-22 17:54:03.816+0000 INFO [o.n.k.i.t.l.p.LogPruningImpl] Log Rotation [0]:  Log pruning complete.
2017-10-22 20:58:24.096+0000 WARN [o.n.k.i.c.MonitorGc] GC Monitor: Application threads blocked for 638ms.
2017-10-22 22:19:46.686+0000 WARN [o.n.k.i.c.MonitorGc] GC Monitor: Application threads blocked for 29471ms.
